<?xml version="1.0" encoding="UTF-8"?>
<!-- Generated by org.testng.reporters.JUnitReportReporter -->
<testsuite hostname="DESKTOP-C360NUF" name="com.test.automation.AppTest" tests="1" failures="0" timestamp="2 Jul 2018 10:30:04 GMT" time="0.002" errors="0">
  <testcase name="shouldAnswerWithTrue" time="0.002" classname="com.test.automation.AppTest"/>
</testsuite> <!-- com.test.automation.AppTest -->
