<?xml version="1.0" encoding="UTF-8"?>
<!-- Generated by org.testng.reporters.JUnitReportReporter -->
<testsuite skipped="0" hostname="DESKTOP-C360NUF" name="basic.MyFirstScript" tests="1" failures="0" timestamp="03 Jul 2018 02:19:34 GMT" time="11.165" errors="0">
  <testcase name="test1" time="11.165" classname="basic.MyFirstScript"/>
</testsuite> <!-- basic.MyFirstScript -->
