<?xml version="1.0" encoding="UTF-8"?>
<!-- Generated by org.testng.reporters.JUnitReportReporter -->
<testsuite hostname="DESKTOP-C360NUF" name="com.test.automation.GroupTestCases" tests="4" failures="0" timestamp="10 Jul 2018 07:27:39 GMT" time="23.763" errors="0">
  <testcase name="display" time="12.251" classname="com.test.automation.GroupTestCases"/>
  <testcase name="find" time="6.307" classname="com.test.automation.GroupTestCases"/>
  <testcase name="show" time="3.145" classname="com.test.automation.GroupTestCases"/>
  <testcase name="init" time="2.060" classname="com.test.automation.GroupTestCases"/>
</testsuite> <!-- com.test.automation.GroupTestCases -->
