<?xml version="1.0" encoding="UTF-8"?>
<!-- Generated by org.testng.reporters.JUnitReportReporter -->
<testsuite hostname="DESKTOP-C360NUF" name="com.test.automation.TestPriority" tests="4" failures="0" timestamp="10 Jul 2018 06:32:53 GMT" time="24.676" errors="0">
  <testcase name="display" time="14.448" classname="com.test.automation.TestPriority"/>
  <testcase name="init" time="2.072" classname="com.test.automation.TestPriority"/>
  <testcase name="show" time="2.703" classname="com.test.automation.TestPriority"/>
  <testcase name="find" time="5.453" classname="com.test.automation.TestPriority"/>
</testsuite> <!-- com.test.automation.TestPriority -->
