<?xml version="1.0" encoding="UTF-8"?>
<!-- Generated by org.testng.reporters.JUnitReportReporter -->
<testsuite skipped="0" hostname="DESKTOP-C360NUF" name="basic.MyFirstScript" tests="1" failures="0" timestamp="10 Jul 2018 05:45:45 GMT" time="5.241" errors="0">
  <testcase name="test1" time="5.241" classname="basic.MyFirstScript"/>
</testsuite> <!-- basic.MyFirstScript -->
